#
# There is insufficient memory for the Java Runtime Environment to continue.
# Native memory allocation (malloc) failed to allocate 871696 bytes for Chunk::new
# Possible reasons:
#   The system is out of physical RAM or swap space
#   The process is running with CompressedOops enabled, and the Java Heap may be blocking the growth of the native heap
# Possible solutions:
#   Reduce memory load on the system
#   Increase physical memory or swap space
#   Check if swap backing store is full
#   Decrease Java heap size (-Xmx/-Xms)
#   Decrease number of Java threads
#   Decrease Java thread stack sizes (-Xss)
#   Set larger code cache with -XX:ReservedCodeCacheSize=
#   JVM is running with Zero Based Compressed Oops mode in which the Java heap is
#     placed in the first 32GB address space. The Java Heap base address is the
#     maximum limit for the native heap growth. Please use -XX:HeapBaseMinAddress
#     to set the Java Heap base and to place the Java Heap above 32GB virtual address.
# This output file may be truncated or incomplete.
#
#  Out of Memory Error (./src/hotspot/share/memory/arena.cpp:197), pid=18872, tid=8236
#
# JRE version: OpenJDK Runtime Environment AdoptOpenJDK-11.0.11+9 (11.0.11+9) (build 11.0.11+9)
# Java VM: OpenJDK 64-Bit Server VM AdoptOpenJDK-11.0.11+9 (11.0.11+9, mixed mode, tiered, compressed oops, g1 gc, windows-amd64)
# No core dump will be written. Minidumps are not enabled by default on client versions of Windows
#

---------------  S U M M A R Y ------------

Command Line: -Dclassworlds.conf=C:\Users\Bone\Downloads\apache-maven-3.8.2\bin\m2.conf -Dmaven.home=C:\Users\Bone\Downloads\apache-maven-3.8.2 -Dmaven.multiModuleProjectDirectory=C:\Users\Bone\PRB_DockerExample\PRB-APP org.codehaus.plexus.classworlds.launcher.Launcher install

Host: AMD Ryzen 5 2400G with Radeon Vega Graphics    , 8 cores, 13G,  Windows 10 , 64 bit Build 19041 (10.0.19041.1151)
Time: Tue Sep 14 00:13:28 2021 AUS Eastern Standard Time elapsed time: 6.127821 seconds (0d 0h 0m 6s)

---------------  T H R E A D  ---------------

Current thread (0x000002202d873800):  JavaThread "C2 CompilerThread0" daemon [_thread_in_native, id=8236, stack(0x0000008ee3a00000,0x0000008ee3b00000)]


Current CompileTask:
C2:   6127 4302       4       org.apache.maven.model.inheritance.DefaultInheritanceAssembler$InheritanceModelMerger::mergePlugin (71 bytes)

Stack: [0x0000008ee3a00000,0x0000008ee3b00000]
Native frames: (J=compiled Java code, j=interpreted, Vv=VM code, C=native code)
V  [jvm.dll+0x5f7e5a]
V  [jvm.dll+0x77ff2e]
V  [jvm.dll+0x7815ff]
V  [jvm.dll+0x781cc3]
V  [jvm.dll+0x247408]
V  [jvm.dll+0xbe69c]
V  [jvm.dll+0xbed9c]
V  [jvm.dll+0x34cb02]
V  [jvm.dll+0x1992e1]
V  [jvm.dll+0x200e92]
V  [jvm.dll+0x1fff6f]
V  [jvm.dll+0x184f1c]
V  [jvm.dll+0x20f3e7]
V  [jvm.dll+0x20d5cb]
V  [jvm.dll+0x7442f9]
V  [jvm.dll+0x73d364]
V  [jvm.dll+0x5f6cd6]
C  [ucrtbase.dll+0x21bb2]
C  [KERNEL32.DLL+0x17034]
C  [ntdll.dll+0x52651]


---------------  P R O C E S S  ---------------

Threads class SMR info:
_java_thread_list=0x000002202e21f320, length=18, elements={
0x000002200865f000, 0x000002202d80b800, 0x000002202d80d000, 0x000002202d86a000,
0x000002202d86c000, 0x000002202d86d800, 0x000002202d873800, 0x000002202d87d800,
0x000002202d87f000, 0x000002202d9ef800, 0x000002202eb0b000, 0x000002202ebe4000,
0x000002202e109800, 0x000002202ff8e000, 0x000002202eb85000, 0x00000220306e0800,
0x000002202e9d3000, 0x0000022030745800
}

Java Threads: ( => current thread )
  0x000002200865f000 JavaThread "main" [_thread_in_native, id=9140, stack(0x0000008ee2e00000,0x0000008ee2f00000)]
  0x000002202d80b800 JavaThread "Reference Handler" daemon [_thread_blocked, id=10676, stack(0x0000008ee3500000,0x0000008ee3600000)]
  0x000002202d80d000 JavaThread "Finalizer" daemon [_thread_blocked, id=19240, stack(0x0000008ee3600000,0x0000008ee3700000)]
  0x000002202d86a000 JavaThread "Signal Dispatcher" daemon [_thread_blocked, id=18756, stack(0x0000008ee3700000,0x0000008ee3800000)]
  0x000002202d86c000 JavaThread "Attach Listener" daemon [_thread_blocked, id=17148, stack(0x0000008ee3800000,0x0000008ee3900000)]
  0x000002202d86d800 JavaThread "Service Thread" daemon [_thread_blocked, id=10672, stack(0x0000008ee3900000,0x0000008ee3a00000)]
=>0x000002202d873800 JavaThread "C2 CompilerThread0" daemon [_thread_in_native, id=8236, stack(0x0000008ee3a00000,0x0000008ee3b00000)]
  0x000002202d87d800 JavaThread "C1 CompilerThread0" daemon [_thread_in_vm, id=9792, stack(0x0000008ee3b00000,0x0000008ee3c00000)]
  0x000002202d87f000 JavaThread "Sweeper thread" daemon [_thread_blocked, id=17280, stack(0x0000008ee3c00000,0x0000008ee3d00000)]
  0x000002202d9ef800 JavaThread "Common-Cleaner" daemon [_thread_blocked, id=9576, stack(0x0000008ee3e00000,0x0000008ee3f00000)]
  0x000002202eb0b000 JavaThread "C2 CompilerThread1" daemon [_thread_in_native, id=9568, stack(0x0000008ee3f00000,0x0000008ee4000000)]
  0x000002202ebe4000 JavaThread "resolver-1" daemon [_thread_blocked, id=10776, stack(0x0000008ee4000000,0x0000008ee4100000)]
  0x000002202e109800 JavaThread "resolver-2" daemon [_thread_blocked, id=8324, stack(0x0000008ee4600000,0x0000008ee4700000)]
  0x000002202ff8e000 JavaThread "resolver-3" daemon [_thread_blocked, id=8036, stack(0x0000008ee4700000,0x0000008ee4800000)]
  0x000002202eb85000 JavaThread "resolver-4" daemon [_thread_blocked, id=11752, stack(0x0000008ee4800000,0x0000008ee4900000)]
  0x00000220306e0800 JavaThread "ThreadedStreamConsumer" [_thread_in_native, id=4724, stack(0x0000008ee4900000,0x0000008ee4a00000)]
  0x000002202e9d3000 JavaThread "Thread-1" [_thread_in_native, id=8080, stack(0x0000008ee4a00000,0x0000008ee4b00000)]
  0x0000022030745800 JavaThread "Thread-2" [_thread_in_native, id=4244, stack(0x0000008ee4b00000,0x0000008ee4c00000)]

Other Threads:
  0x000002202d7e9000 VMThread "VM Thread" [stack: 0x0000008ee3400000,0x0000008ee3500000] [id=8952]
  0x000002202d9e4800 WatcherThread [stack: 0x0000008ee3d00000,0x0000008ee3e00000] [id=2640]
  0x0000022008674800 GCTaskThread "GC Thread#0" [stack: 0x0000008ee2f00000,0x0000008ee3000000] [id=11908]
  0x000002202e7a3000 GCTaskThread "GC Thread#1" [stack: 0x0000008ee4100000,0x0000008ee4200000] [id=10584]
  0x000002202e6a0000 GCTaskThread "GC Thread#2" [stack: 0x0000008ee4200000,0x0000008ee4300000] [id=13264]
  0x000002202e571000 GCTaskThread "GC Thread#3" [stack: 0x0000008ee4300000,0x0000008ee4400000] [id=19396]
  0x000002202e706800 GCTaskThread "GC Thread#4" [stack: 0x0000008ee4400000,0x0000008ee4500000] [id=14416]
  0x00000220086c8800 ConcurrentGCThread "G1 Main Marker" [stack: 0x0000008ee3000000,0x0000008ee3100000] [id=5008]
  0x00000220086ca800 ConcurrentGCThread "G1 Conc#0" [stack: 0x0000008ee3100000,0x0000008ee3200000] [id=12012]
  0x000002202ff0f000 ConcurrentGCThread "G1 Conc#1" [stack: 0x0000008ee4500000,0x0000008ee4600000] [id=18540]
  0x000002202ce4f800 ConcurrentGCThread "G1 Refine#0" [stack: 0x0000008ee3200000,0x0000008ee3300000] [id=10392]
  0x000002202ce50800 ConcurrentGCThread "G1 Young RemSet Sampling" [stack: 0x0000008ee3300000,0x0000008ee3400000] [id=20172]

Threads with active compile tasks:
C2 CompilerThread0   6151 4302       4       org.apache.maven.model.inheritance.DefaultInheritanceAssembler$InheritanceModelMerger::mergePlugin (71 bytes)

VM state:not at safepoint (normal execution)

VM Mutex/Monitor currently owned by a thread: None

Heap address: 0x0000000720c00000, size: 3572 MB, Compressed Oops mode: Zero based, Oop shift amount: 3
Narrow klass base: 0x0000000800000000, Narrow klass shift: 0
Compressed class space size: 1073741824 Address: 0x0000000800000000

Heap:
 garbage-first heap   total 229376K, used 78110K [0x0000000720c00000, 0x0000000800000000)
  region size 1024K, 74 young (75776K), 8 survivors (8192K)
 Metaspace       used 31737K, capacity 32327K, committed 32432K, reserved 1079296K
  class space    used 3388K, capacity 3555K, committed 3584K, reserved 1048576K
Heap Regions: E=young(eden), S=young(survivor), O=old, HS=humongous(starts), HC=humongous(continues), CS=collection set, F=free, A=archive, TAMS=top-at-mark-start (previous, next)
|   0|0x0000000720c00000, 0x0000000720d00000, 0x0000000720d00000|100%| O|  |TAMS 0x0000000720c9a400, 0x0000000720c00000| Untracked 
|   1|0x0000000720d00000, 0x0000000720e00000, 0x0000000720e00000|100%| O|  |TAMS 0x0000000720d00000, 0x0000000720d00000| Untracked 
|   2|0x0000000720e00000, 0x0000000720f00000, 0x0000000720f00000|100%| O|  |TAMS 0x0000000720e00000, 0x0000000720e00000| Untracked 
|   3|0x0000000720f00000, 0x0000000720f47a00, 0x0000000721000000| 27%| O|  |TAMS 0x0000000720f00000, 0x0000000720f00000| Untracked 
|   4|0x0000000721000000, 0x0000000721000000, 0x0000000721100000|  0%| F|  |TAMS 0x0000000721000000, 0x0000000721000000| Untracked 
|   5|0x0000000721100000, 0x0000000721100000, 0x0000000721200000|  0%| F|  |TAMS 0x0000000721100000, 0x0000000721100000| Untracked 
|   6|0x0000000721200000, 0x0000000721200000, 0x0000000721300000|  0%| F|  |TAMS 0x0000000721200000, 0x0000000721200000| Untracked 
|   7|0x0000000721300000, 0x0000000721300000, 0x0000000721400000|  0%| F|  |TAMS 0x0000000721300000, 0x0000000721300000| Untracked 
|   8|0x0000000721400000, 0x0000000721400000, 0x0000000721500000|  0%| F|  |TAMS 0x0000000721400000, 0x0000000721400000| Untracked 
|   9|0x0000000721500000, 0x0000000721500000, 0x0000000721600000|  0%| F|  |TAMS 0x0000000721500000, 0x0000000721500000| Untracked 
|  10|0x0000000721600000, 0x0000000721600000, 0x0000000721700000|  0%| F|  |TAMS 0x0000000721600000, 0x0000000721600000| Untracked 
|  11|0x0000000721700000, 0x0000000721700000, 0x0000000721800000|  0%| F|  |TAMS 0x0000000721700000, 0x0000000721700000| Untracked 
|  12|0x0000000721800000, 0x0000000721800000, 0x0000000721900000|  0%| F|  |TAMS 0x0000000721800000, 0x0000000721800000| Untracked 
|  13|0x0000000721900000, 0x0000000721900000, 0x0000000721a00000|  0%| F|  |TAMS 0x0000000721900000, 0x0000000721900000| Untracked 
|  14|0x0000000721a00000, 0x0000000721a00000, 0x0000000721b00000|  0%| F|  |TAMS 0x0000000721a00000, 0x0000000721a00000| Untracked 
|  15|0x0000000721b00000, 0x0000000721b00000, 0x0000000721c00000|  0%| F|  |TAMS 0x0000000721b00000, 0x0000000721b00000| Untracked 
|  16|0x0000000721c00000, 0x0000000721c00000, 0x0000000721d00000|  0%| F|  |TAMS 0x0000000721c00000, 0x0000000721c00000| Untracked 
|  17|0x0000000721d00000, 0x0000000721d00000, 0x0000000721e00000|  0%| F|  |TAMS 0x0000000721d00000, 0x0000000721d00000| Untracked 
|  18|0x0000000721e00000, 0x0000000721e00000, 0x0000000721f00000|  0%| F|  |TAMS 0x0000000721e00000, 0x0000000721e00000| Untracked 
|  19|0x0000000721f00000, 0x0000000721f00000, 0x0000000722000000|  0%| F|  |TAMS 0x0000000721f00000, 0x0000000721f00000| Untracked 
|  20|0x0000000722000000, 0x0000000722000000, 0x0000000722100000|  0%| F|  |TAMS 0x0000000722000000, 0x0000000722000000| Untracked 
|  21|0x0000000722100000, 0x0000000722100000, 0x0000000722200000|  0%| F|  |TAMS 0x0000000722100000, 0x0000000722100000| Untracked 
|  22|0x0000000722200000, 0x0000000722200000, 0x0000000722300000|  0%| F|  |TAMS 0x0000000722200000, 0x0000000722200000| Untracked 
|  23|0x0000000722300000, 0x0000000722300000, 0x0000000722400000|  0%| F|  |TAMS 0x0000000722300000, 0x0000000722300000| Untracked 
|  24|0x0000000722400000, 0x0000000722400000, 0x0000000722500000|  0%| F|  |TAMS 0x0000000722400000, 0x0000000722400000| Untracked 
|  25|0x0000000722500000, 0x0000000722500000, 0x0000000722600000|  0%| F|  |TAMS 0x0000000722500000, 0x0000000722500000| Untracked 
|  26|0x0000000722600000, 0x0000000722600000, 0x0000000722700000|  0%| F|  |TAMS 0x0000000722600000, 0x0000000722600000| Untracked 
|  27|0x0000000722700000, 0x0000000722700000, 0x0000000722800000|  0%| F|  |TAMS 0x0000000722700000, 0x0000000722700000| Untracked 
|  28|0x0000000722800000, 0x0000000722800000, 0x0000000722900000|  0%| F|  |TAMS 0x0000000722800000, 0x0000000722800000| Untracked 
|  29|0x0000000722900000, 0x0000000722900000, 0x0000000722a00000|  0%| F|  |TAMS 0x0000000722900000, 0x0000000722900000| Untracked 
|  30|0x0000000722a00000, 0x0000000722a00000, 0x0000000722b00000|  0%| F|  |TAMS 0x0000000722a00000, 0x0000000722a00000| Untracked 
|  31|0x0000000722b00000, 0x0000000722b00000, 0x0000000722c00000|  0%| F|  |TAMS 0x0000000722b00000, 0x0000000722b00000| Untracked 
|  32|0x0000000722c00000, 0x0000000722c00000, 0x0000000722d00000|  0%| F|  |TAMS 0x0000000722c00000, 0x0000000722c00000| Untracked 
|  33|0x0000000722d00000, 0x0000000722d00000, 0x0000000722e00000|  0%| F|  |TAMS 0x0000000722d00000, 0x0000000722d00000| Untracked 
|  34|0x0000000722e00000, 0x0000000722e00000, 0x0000000722f00000|  0%| F|  |TAMS 0x0000000722e00000, 0x0000000722e00000| Untracked 
|  35|0x0000000722f00000, 0x0000000722f00000, 0x0000000723000000|  0%| F|  |TAMS 0x0000000722f00000, 0x0000000722f00000| Untracked 
|  36|0x0000000723000000, 0x0000000723000000, 0x0000000723100000|  0%| F|  |TAMS 0x0000000723000000, 0x0000000723000000| Untracked 
|  37|0x0000000723100000, 0x0000000723100000, 0x0000000723200000|  0%| F|  |TAMS 0x0000000723100000, 0x0000000723100000| Untracked 
|  38|0x0000000723200000, 0x0000000723200000, 0x0000000723300000|  0%| F|  |TAMS 0x0000000723200000, 0x0000000723200000| Untracked 
|  39|0x0000000723300000, 0x0000000723300000, 0x0000000723400000|  0%| F|  |TAMS 0x0000000723300000, 0x0000000723300000| Untracked 
|  40|0x0000000723400000, 0x0000000723400000, 0x0000000723500000|  0%| F|  |TAMS 0x0000000723400000, 0x0000000723400000| Untracked 
|  41|0x0000000723500000, 0x0000000723500000, 0x0000000723600000|  0%| F|  |TAMS 0x0000000723500000, 0x0000000723500000| Untracked 
|  42|0x0000000723600000, 0x0000000723600000, 0x0000000723700000|  0%| F|  |TAMS 0x0000000723600000, 0x0000000723600000| Untracked 
|  43|0x0000000723700000, 0x0000000723700000, 0x0000000723800000|  0%| F|  |TAMS 0x0000000723700000, 0x0000000723700000| Untracked 
|  44|0x0000000723800000, 0x0000000723800000, 0x0000000723900000|  0%| F|  |TAMS 0x0000000723800000, 0x0000000723800000| Untracked 
|  45|0x0000000723900000, 0x0000000723900000, 0x0000000723a00000|  0%| F|  |TAMS 0x0000000723900000, 0x0000000723900000| Untracked 
|  46|0x0000000723a00000, 0x0000000723a00000, 0x0000000723b00000|  0%| F|  |TAMS 0x0000000723a00000, 0x0000000723a00000| Untracked 
|  47|0x0000000723b00000, 0x0000000723b00000, 0x0000000723c00000|  0%| F|  |TAMS 0x0000000723b00000, 0x0000000723b00000| Untracked 
|  48|0x0000000723c00000, 0x0000000723c00000, 0x0000000723d00000|  0%| F|  |TAMS 0x0000000723c00000, 0x0000000723c00000| Untracked 
|  49|0x0000000723d00000, 0x0000000723d00000, 0x0000000723e00000|  0%| F|  |TAMS 0x0000000723d00000, 0x0000000723d00000| Untracked 
|  50|0x0000000723e00000, 0x0000000723e00000, 0x0000000723f00000|  0%| F|  |TAMS 0x0000000723e00000, 0x0000000723e00000| Untracked 
|  51|0x0000000723f00000, 0x0000000723f00000, 0x0000000724000000|  0%| F|  |TAMS 0x0000000723f00000, 0x0000000723f00000| Untracked 
|  52|0x0000000724000000, 0x0000000724000000, 0x0000000724100000|  0%| F|  |TAMS 0x0000000724000000, 0x0000000724000000| Untracked 
|  53|0x0000000724100000, 0x0000000724100000, 0x0000000724200000|  0%| F|  |TAMS 0x0000000724100000, 0x0000000724100000| Untracked 
|  54|0x0000000724200000, 0x0000000724200000, 0x0000000724300000|  0%| F|  |TAMS 0x0000000724200000, 0x0000000724200000| Untracked 
|  55|0x0000000724300000, 0x0000000724300000, 0x0000000724400000|  0%| F|  |TAMS 0x0000000724300000, 0x0000000724300000| Untracked 
|  56|0x0000000724400000, 0x0000000724400000, 0x0000000724500000|  0%| F|  |TAMS 0x0000000724400000, 0x0000000724400000| Untracked 
|  57|0x0000000724500000, 0x0000000724500000, 0x0000000724600000|  0%| F|  |TAMS 0x0000000724500000, 0x0000000724500000| Untracked 
|  58|0x0000000724600000, 0x0000000724600000, 0x0000000724700000|  0%| F|  |TAMS 0x0000000724600000, 0x0000000724600000| Untracked 
|  59|0x0000000724700000, 0x0000000724700000, 0x0000000724800000|  0%| F|  |TAMS 0x0000000724700000, 0x0000000724700000| Untracked 
|  60|0x0000000724800000, 0x0000000724800000, 0x0000000724900000|  0%| F|  |TAMS 0x0000000724800000, 0x0000000724800000| Untracked 
|  61|0x0000000724900000, 0x0000000724900000, 0x0000000724a00000|  0%| F|  |TAMS 0x0000000724900000, 0x0000000724900000| Untracked 
|  62|0x0000000724a00000, 0x0000000724a00000, 0x0000000724b00000|  0%| F|  |TAMS 0x0000000724a00000, 0x0000000724a00000| Untracked 
|  63|0x0000000724b00000, 0x0000000724b00000, 0x0000000724c00000|  0%| F|  |TAMS 0x0000000724b00000, 0x0000000724b00000| Untracked 
|  64|0x0000000724c00000, 0x0000000724c00000, 0x0000000724d00000|  0%| F|  |TAMS 0x0000000724c00000, 0x0000000724c00000| Untracked 
|  65|0x0000000724d00000, 0x0000000724d00000, 0x0000000724e00000|  0%| F|  |TAMS 0x0000000724d00000, 0x0000000724d00000| Untracked 
|  66|0x0000000724e00000, 0x0000000724e00000, 0x0000000724f00000|  0%| F|  |TAMS 0x0000000724e00000, 0x0000000724e00000| Untracked 
|  67|0x0000000724f00000, 0x0000000724f00000, 0x0000000725000000|  0%| F|  |TAMS 0x0000000724f00000, 0x0000000724f00000| Untracked 
|  68|0x0000000725000000, 0x0000000725000000, 0x0000000725100000|  0%| F|  |TAMS 0x0000000725000000, 0x0000000725000000| Untracked 
|  69|0x0000000725100000, 0x0000000725100000, 0x0000000725200000|  0%| F|  |TAMS 0x0000000725100000, 0x0000000725100000| Untracked 
|  70|0x0000000725200000, 0x0000000725200000, 0x0000000725300000|  0%| F|  |TAMS 0x0000000725200000, 0x0000000725200000| Untracked 
|  71|0x0000000725300000, 0x0000000725300000, 0x0000000725400000|  0%| F|  |TAMS 0x0000000725300000, 0x0000000725300000| Untracked 
|  72|0x0000000725400000, 0x0000000725400000, 0x0000000725500000|  0%| F|  |TAMS 0x0000000725400000, 0x0000000725400000| Untracked 
|  73|0x0000000725500000, 0x0000000725500000, 0x0000000725600000|  0%| F|  |TAMS 0x0000000725500000, 0x0000000725500000| Untracked 
|  74|0x0000000725600000, 0x0000000725600000, 0x0000000725700000|  0%| F|  |TAMS 0x0000000725600000, 0x0000000725600000| Untracked 
|  75|0x0000000725700000, 0x0000000725700000, 0x0000000725800000|  0%| F|  |TAMS 0x0000000725700000, 0x0000000725700000| Untracked 
|  76|0x0000000725800000, 0x0000000725800000, 0x0000000725900000|  0%| F|  |TAMS 0x0000000725800000, 0x0000000725800000| Untracked 
|  77|0x0000000725900000, 0x0000000725900000, 0x0000000725a00000|  0%| F|  |TAMS 0x0000000725900000, 0x0000000725900000| Untracked 
|  78|0x0000000725a00000, 0x0000000725a00000, 0x0000000725b00000|  0%| F|  |TAMS 0x0000000725a00000, 0x0000000725a00000| Untracked 
|  79|0x0000000725b00000, 0x0000000725b00000, 0x0000000725c00000|  0%| F|  |TAMS 0x0000000725b00000, 0x0000000725b00000| Untracked 
|  80|0x0000000725c00000, 0x0000000725c00000, 0x0000000725d00000|  0%| F|  |TAMS 0x0000000725c00000, 0x0000000725c00000| Untracked 
|  81|0x0000000725d00000, 0x0000000725d00000, 0x0000000725e00000|  0%| F|  |TAMS 0x0000000725d00000, 0x0000000725d00000| Untracked 
|  82|0x0000000725e00000, 0x0000000725e00000, 0x0000000725f00000|  0%| F|  |TAMS 0x0000000725e00000, 0x0000000725e00000| Untracked 
|  83|0x0000000725f00000, 0x0000000725f00000, 0x0000000726000000|  0%| F|  |TAMS 0x0000000725f00000, 0x0000000725f00000| Untracked 
|  84|0x0000000726000000, 0x0000000726000000, 0x0000000726100000|  0%| F|  |TAMS 0x0000000726000000, 0x0000000726000000| Untracked 
|  85|0x0000000726100000, 0x0000000726100000, 0x0000000726200000|  0%| F|  |TAMS 0x0000000726100000, 0x0000000726100000| Untracked 
|  86|0x0000000726200000, 0x0000000726200000, 0x0000000726300000|  0%| F|  |TAMS 0x0000000726200000, 0x0000000726200000| Untracked 
|  87|0x0000000726300000, 0x0000000726300000, 0x0000000726400000|  0%| F|  |TAMS 0x0000000726300000, 0x0000000726300000| Untracked 
|  88|0x0000000726400000, 0x0000000726400000, 0x0000000726500000|  0%| F|  |TAMS 0x0000000726400000, 0x0000000726400000| Untracked 
|  89|0x0000000726500000, 0x0000000726500000, 0x0000000726600000|  0%| F|  |TAMS 0x0000000726500000, 0x0000000726500000| Untracked 
|  90|0x0000000726600000, 0x0000000726600000, 0x0000000726700000|  0%| F|  |TAMS 0x0000000726600000, 0x0000000726600000| Untracked 
|  91|0x0000000726700000, 0x0000000726700000, 0x0000000726800000|  0%| F|  |TAMS 0x0000000726700000, 0x0000000726700000| Untracked 
|  92|0x0000000726800000, 0x0000000726800000, 0x0000000726900000|  0%| F|  |TAMS 0x0000000726800000, 0x0000000726800000| Untracked 
|  93|0x0000000726900000, 0x0000000726900000, 0x0000000726a00000|  0%| F|  |TAMS 0x0000000726900000, 0x0000000726900000| Untracked 
|  94|0x0000000726a00000, 0x0000000726a00000, 0x0000000726b00000|  0%| F|  |TAMS 0x0000000726a00000, 0x0000000726a00000| Untracked 
|  95|0x0000000726b00000, 0x0000000726b00000, 0x0000000726c00000|  0%| F|  |TAMS 0x0000000726b00000, 0x0000000726b00000| Untracked 
|  96|0x0000000726c00000, 0x0000000726c00000, 0x0000000726d00000|  0%| F|  |TAMS 0x0000000726c00000, 0x0000000726c00000| Untracked 
|  97|0x0000000726d00000, 0x0000000726d00000, 0x0000000726e00000|  0%| F|  |TAMS 0x0000000726d00000, 0x0000000726d00000| Untracked 
|  98|0x0000000726e00000, 0x0000000726e00000, 0x0000000726f00000|  0%| F|  |TAMS 0x0000000726e00000, 0x0000000726e00000| Untracked 
|  99|0x0000000726f00000, 0x0000000726f00000, 0x0000000727000000|  0%| F|  |TAMS 0x0000000726f00000, 0x0000000726f00000| Untracked 
| 100|0x0000000727000000, 0x0000000727000000, 0x0000000727100000|  0%| F|  |TAMS 0x0000000727000000, 0x0000000727000000| Untracked 
| 101|0x0000000727100000, 0x0000000727100000, 0x0000000727200000|  0%| F|  |TAMS 0x0000000727100000, 0x0000000727100000| Untracked 
| 102|0x0000000727200000, 0x0000000727200000, 0x0000000727300000|  0%| F|  |TAMS 0x0000000727200000, 0x0000000727200000| Untracked 
| 103|0x0000000727300000, 0x0000000727300000, 0x0000000727400000|  0%| F|  |TAMS 0x0000000727300000, 0x0000000727300000| Untracked 
| 104|0x0000000727400000, 0x0000000727400000, 0x0000000727500000|  0%| F|  |TAMS 0x0000000727400000, 0x0000000727400000| Untracked 
| 105|0x0000000727500000, 0x0000000727500000, 0x0000000727600000|  0%| F|  |TAMS 0x0000000727500000, 0x0000000727500000| Untracked 
| 106|0x0000000727600000, 0x0000000727600000, 0x0000000727700000|  0%| F|  |TAMS 0x0000000727600000, 0x0000000727600000| Untracked 
| 107|0x0000000727700000, 0x0000000727700000, 0x0000000727800000|  0%| F|  |TAMS 0x0000000727700000, 0x0000000727700000| Untracked 
| 108|0x0000000727800000, 0x0000000727800000, 0x0000000727900000|  0%| F|  |TAMS 0x0000000727800000, 0x0000000727800000| Untracked 
| 109|0x0000000727900000, 0x0000000727900000, 0x0000000727a00000|  0%| F|  |TAMS 0x0000000727900000, 0x0000000727900000| Untracked 
| 110|0x0000000727a00000, 0x0000000727a00000, 0x0000000727b00000|  0%| F|  |TAMS 0x0000000727a00000, 0x0000000727a00000| Untracked 
| 111|0x0000000727b00000, 0x0000000727b00000, 0x0000000727c00000|  0%| F|  |TAMS 0x0000000727b00000, 0x0000000727b00000| Untracked 
| 112|0x0000000727c00000, 0x0000000727c00000, 0x0000000727d00000|  0%| F|  |TAMS 0x0000000727c00000, 0x0000000727c00000| Untracked 
| 113|0x0000000727d00000, 0x0000000727d00000, 0x0000000727e00000|  0%| F|  |TAMS 0x0000000727d00000, 0x0000000727d00000| Untracked 
| 114|0x0000000727e00000, 0x0000000727e00000, 0x0000000727f00000|  0%| F|  |TAMS 0x0000000727e00000, 0x0000000727e00000| Untracked 
| 115|0x0000000727f00000, 0x0000000727f00000, 0x0000000728000000|  0%| F|  |TAMS 0x0000000727f00000, 0x0000000727f00000| Untracked 
| 116|0x0000000728000000, 0x0000000728000000, 0x0000000728100000|  0%| F|  |TAMS 0x0000000728000000, 0x0000000728000000| Untracked 
| 117|0x0000000728100000, 0x0000000728100000, 0x0000000728200000|  0%| F|  |TAMS 0x0000000728100000, 0x0000000728100000| Untracked 
| 118|0x0000000728200000, 0x0000000728200000, 0x0000000728300000|  0%| F|  |TAMS 0x0000000728200000, 0x0000000728200000| Untracked 
| 119|0x0000000728300000, 0x0000000728300000, 0x0000000728400000|  0%| F|  |TAMS 0x0000000728300000, 0x0000000728300000| Untracked 
| 120|0x0000000728400000, 0x0000000728400000, 0x0000000728500000|  0%| F|  |TAMS 0x0000000728400000, 0x0000000728400000| Untracked 
| 121|0x0000000728500000, 0x0000000728500000, 0x0000000728600000|  0%| F|  |TAMS 0x0000000728500000, 0x0000000728500000| Untracked 
| 122|0x0000000728600000, 0x0000000728600000, 0x0000000728700000|  0%| F|  |TAMS 0x0000000728600000, 0x0000000728600000| Untracked 
| 123|0x0000000728700000, 0x0000000728700000, 0x0000000728800000|  0%| F|  |TAMS 0x0000000728700000, 0x0000000728700000| Untracked 
| 124|0x0000000728800000, 0x0000000728800000, 0x0000000728900000|  0%| F|  |TAMS 0x0000000728800000, 0x0000000728800000| Untracked 
| 125|0x0000000728900000, 0x0000000728900000, 0x0000000728a00000|  0%| F|  |TAMS 0x0000000728900000, 0x0000000728900000| Untracked 
| 126|0x0000000728a00000, 0x0000000728a00000, 0x0000000728b00000|  0%| F|  |TAMS 0x0000000728a00000, 0x0000000728a00000| Untracked 
| 127|0x0000000728b00000, 0x0000000728b00000, 0x0000000728c00000|  0%| F|  |TAMS 0x0000000728b00000, 0x0000000728b00000| Untracked 
| 128|0x0000000728c00000, 0x0000000728c00000, 0x0000000728d00000|  0%| F|  |TAMS 0x0000000728c00000, 0x0000000728c00000| Untracked 
| 129|0x0000000728d00000, 0x0000000728d00000, 0x0000000728e00000|  0%| F|  |TAMS 0x0000000728d00000, 0x0000000728d00000| Untracked 
| 130|0x0000000728e00000, 0x0000000728e00000, 0x0000000728f00000|  0%| F|  |TAMS 0x0000000728e00000, 0x0000000728e00000| Untracked 
| 131|0x0000000728f00000, 0x0000000728f00000, 0x0000000729000000|  0%| F|  |TAMS 0x0000000728f00000, 0x0000000728f00000| Untracked 
| 132|0x0000000729000000, 0x0000000729000000, 0x0000000729100000|  0%| F|  |TAMS 0x0000000729000000, 0x0000000729000000| Untracked 
| 133|0x0000000729100000, 0x0000000729100000, 0x0000000729200000|  0%| F|  |TAMS 0x0000000729100000, 0x0000000729100000| Untracked 
| 134|0x0000000729200000, 0x0000000729200000, 0x0000000729300000|  0%| F|  |TAMS 0x0000000729200000, 0x0000000729200000| Untracked 
| 135|0x0000000729300000, 0x0000000729300000, 0x0000000729400000|  0%| F|  |TAMS 0x0000000729300000, 0x0000000729300000| Untracked 
| 136|0x0000000729400000, 0x0000000729400000, 0x0000000729500000|  0%| F|  |TAMS 0x0000000729400000, 0x0000000729400000| Untracked 
| 137|0x0000000729500000, 0x0000000729500000, 0x0000000729600000|  0%| F|  |TAMS 0x0000000729500000, 0x0000000729500000| Untracked 
| 138|0x0000000729600000, 0x0000000729600000, 0x0000000729700000|  0%| F|  |TAMS 0x0000000729600000, 0x0000000729600000| Untracked 
| 139|0x0000000729700000, 0x0000000729700000, 0x0000000729800000|  0%| F|  |TAMS 0x0000000729700000, 0x0000000729700000| Untracked 
| 140|0x0000000729800000, 0x0000000729800000, 0x0000000729900000|  0%| F|  |TAMS 0x0000000729800000, 0x0000000729800000| Untracked 
| 141|0x0000000729900000, 0x0000000729900000, 0x0000000729a00000|  0%| F|  |TAMS 0x0000000729900000, 0x0000000729900000| Untracked 
| 142|0x0000000729a00000, 0x0000000729a00000, 0x0000000729b00000|  0%| F|  |TAMS 0x0000000729a00000, 0x0000000729a00000| Untracked 
| 143|0x0000000729b00000, 0x0000000729b00000, 0x0000000729c00000|  0%| F|  |TAMS 0x0000000729b00000, 0x0000000729b00000| Untracked 
| 144|0x0000000729c00000, 0x0000000729c00000, 0x0000000729d00000|  0%| F|  |TAMS 0x0000000729c00000, 0x0000000729c00000| Untracked 
| 145|0x0000000729d00000, 0x0000000729d00000, 0x0000000729e00000|  0%| F|  |TAMS 0x0000000729d00000, 0x0000000729d00000| Untracked 
| 146|0x0000000729e00000, 0x0000000729e00000, 0x0000000729f00000|  0%| F|  |TAMS 0x0000000729e00000, 0x0000000729e00000| Untracked 
| 147|0x0000000729f00000, 0x0000000729f00000, 0x000000072a000000|  0%| F|  |TAMS 0x0000000729f00000, 0x0000000729f00000| Untracked 
| 148|0x000000072a000000, 0x000000072a000000, 0x000000072a100000|  0%| F|  |TAMS 0x000000072a000000, 0x000000072a000000| Untracked 
| 149|0x000000072a100000, 0x000000072a100000, 0x000000072a200000|  0%| F|  |TAMS 0x000000072a100000, 0x000000072a100000| Untracked 
| 150|0x000000072a200000, 0x000000072a200800, 0x000000072a300000|  0%| E|  |TAMS 0x000000072a200000, 0x000000072a200000| Complete 
| 151|0x000000072a300000, 0x000000072a400000, 0x000000072a400000|100%| E|CS|TAMS 0x000000072a300000, 0x000000072a300000| Complete 
| 152|0x000000072a400000, 0x000000072a500000, 0x000000072a500000|100%| S|CS|TAMS 0x000000072a400000, 0x000000072a400000| Complete 
| 153|0x000000072a500000, 0x000000072a600000, 0x000000072a600000|100%| S|CS|TAMS 0x000000072a500000, 0x000000072a500000| Complete 
| 154|0x000000072a600000, 0x000000072a700000, 0x000000072a700000|100%| S|CS|TAMS 0x000000072a600000, 0x000000072a600000| Complete 
| 155|0x000000072a700000, 0x000000072a800000, 0x000000072a800000|100%| S|CS|TAMS 0x000000072a700000, 0x000000072a700000| Complete 
| 156|0x000000072a800000, 0x000000072a900000, 0x000000072a900000|100%| S|CS|TAMS 0x000000072a800000, 0x000000072a800000| Complete 
| 157|0x000000072a900000, 0x000000072aa00000, 0x000000072aa00000|100%| S|CS|TAMS 0x000000072a900000, 0x000000072a900000| Complete 
| 158|0x000000072aa00000, 0x000000072ab00000, 0x000000072ab00000|100%| S|CS|TAMS 0x000000072aa00000, 0x000000072aa00000| Complete 
| 159|0x000000072ab00000, 0x000000072ac00000, 0x000000072ac00000|100%| S|CS|TAMS 0x000000072ab00000, 0x000000072ab00000| Complete 
| 160|0x000000072ac00000, 0x000000072ad00000, 0x000000072ad00000|100%| E|CS|TAMS 0x000000072ac00000, 0x000000072ac00000| Complete 
| 161|0x000000072ad00000, 0x000000072ae00000, 0x000000072ae00000|100%| E|CS|TAMS 0x000000072ad00000, 0x000000072ad00000| Complete 
| 162|0x000000072ae00000, 0x000000072af00000, 0x000000072af00000|100%| E|CS|TAMS 0x000000072ae00000, 0x000000072ae00000| Complete 
| 163|0x000000072af00000, 0x000000072b000000, 0x000000072b000000|100%| E|CS|TAMS 0x000000072af00000, 0x000000072af00000| Complete 
| 164|0x000000072b000000, 0x000000072b100000, 0x000000072b100000|100%| E|CS|TAMS 0x000000072b000000, 0x000000072b000000| Complete 
| 165|0x000000072b100000, 0x000000072b200000, 0x000000072b200000|100%| E|CS|TAMS 0x000000072b100000, 0x000000072b100000| Complete 
| 166|0x000000072b200000, 0x000000072b300000, 0x000000072b300000|100%| E|CS|TAMS 0x000000072b200000, 0x000000072b200000| Complete 
| 167|0x000000072b300000, 0x000000072b400000, 0x000000072b400000|100%| E|CS|TAMS 0x000000072b300000, 0x000000072b300000| Complete 
| 168|0x000000072b400000, 0x000000072b500000, 0x000000072b500000|100%| E|CS|TAMS 0x000000072b400000, 0x000000072b400000| Complete 
| 169|0x000000072b500000, 0x000000072b600000, 0x000000072b600000|100%| E|CS|TAMS 0x000000072b500000, 0x000000072b500000| Complete 
| 170|0x000000072b600000, 0x000000072b700000, 0x000000072b700000|100%| E|CS|TAMS 0x000000072b600000, 0x000000072b600000| Complete 
| 171|0x000000072b700000, 0x000000072b800000, 0x000000072b800000|100%| E|CS|TAMS 0x000000072b700000, 0x000000072b700000| Complete 
| 172|0x000000072b800000, 0x000000072b900000, 0x000000072b900000|100%| E|CS|TAMS 0x000000072b800000, 0x000000072b800000| Complete 
| 173|0x000000072b900000, 0x000000072ba00000, 0x000000072ba00000|100%| E|CS|TAMS 0x000000072b900000, 0x000000072b900000| Complete 
| 174|0x000000072ba00000, 0x000000072bb00000, 0x000000072bb00000|100%| E|CS|TAMS 0x000000072ba00000, 0x000000072ba00000| Complete 
| 175|0x000000072bb00000, 0x000000072bc00000, 0x000000072bc00000|100%| E|CS|TAMS 0x000000072bb00000, 0x000000072bb00000| Complete 
| 176|0x000000072bc00000, 0x000000072bd00000, 0x000000072bd00000|100%| E|CS|TAMS 0x000000072bc00000, 0x000000072bc00000| Complete 
| 177|0x000000072bd00000, 0x000000072be00000, 0x000000072be00000|100%| E|CS|TAMS 0x000000072bd00000, 0x000000072bd00000| Complete 
| 178|0x000000072be00000, 0x000000072bf00000, 0x000000072bf00000|100%| E|CS|TAMS 0x000000072be00000, 0x000000072be00000| Complete 
| 179|0x000000072bf00000, 0x000000072c000000, 0x000000072c000000|100%| E|CS|TAMS 0x000000072bf00000, 0x000000072bf00000| Complete 
| 180|0x000000072c000000, 0x000000072c100000, 0x000000072c100000|100%| E|CS|TAMS 0x000000072c000000, 0x000000072c000000| Complete 
| 181|0x000000072c100000, 0x000000072c200000, 0x000000072c200000|100%| E|CS|TAMS 0x000000072c100000, 0x000000072c100000| Complete 
| 182|0x000000072c200000, 0x000000072c300000, 0x000000072c300000|100%| E|CS|TAMS 0x000000072c200000, 0x000000072c200000| Complete 
| 183|0x000000072c300000, 0x000000072c400000, 0x000000072c400000|100%| E|CS|TAMS 0x000000072c300000, 0x000000072c300000| Complete 
| 184|0x000000072c400000, 0x000000072c500000, 0x000000072c500000|100%| E|CS|TAMS 0x000000072c400000, 0x000000072c400000| Complete 
| 185|0x000000072c500000, 0x000000072c600000, 0x000000072c600000|100%| E|CS|TAMS 0x000000072c500000, 0x000000072c500000| Complete 
| 186|0x000000072c600000, 0x000000072c700000, 0x000000072c700000|100%| E|CS|TAMS 0x000000072c600000, 0x000000072c600000| Complete 
| 187|0x000000072c700000, 0x000000072c800000, 0x000000072c800000|100%| E|CS|TAMS 0x000000072c700000, 0x000000072c700000| Complete 
| 188|0x000000072c800000, 0x000000072c900000, 0x000000072c900000|100%| E|CS|TAMS 0x000000072c800000, 0x000000072c800000| Complete 
| 189|0x000000072c900000, 0x000000072ca00000, 0x000000072ca00000|100%| E|CS|TAMS 0x000000072c900000, 0x000000072c900000| Complete 
| 190|0x000000072ca00000, 0x000000072cb00000, 0x000000072cb00000|100%| E|CS|TAMS 0x000000072ca00000, 0x000000072ca00000| Complete 
| 191|0x000000072cb00000, 0x000000072cc00000, 0x000000072cc00000|100%| E|CS|TAMS 0x000000072cb00000, 0x000000072cb00000| Complete 
| 192|0x000000072cc00000, 0x000000072cd00000, 0x000000072cd00000|100%| E|CS|TAMS 0x000000072cc00000, 0x000000072cc00000| Complete 
| 193|0x000000072cd00000, 0x000000072ce00000, 0x000000072ce00000|100%| E|CS|TAMS 0x000000072cd00000, 0x000000072cd00000| Complete 
| 194|0x000000072ce00000, 0x000000072cf00000, 0x000000072cf00000|100%| E|CS|TAMS 0x000000072ce00000, 0x000000072ce00000| Complete 
| 195|0x000000072cf00000, 0x000000072d000000, 0x000000072d000000|100%| E|CS|TAMS 0x000000072cf00000, 0x000000072cf00000| Complete 
| 196|0x000000072d000000, 0x000000072d100000, 0x000000072d100000|100%| E|CS|TAMS 0x000000072d000000, 0x000000072d000000| Complete 
| 197|0x000000072d100000, 0x000000072d200000, 0x000000072d200000|100%| E|CS|TAMS 0x000000072d100000, 0x000000072d100000| Complete 
| 198|0x000000072d200000, 0x000000072d300000, 0x000000072d300000|100%| E|CS|TAMS 0x000000072d200000, 0x000000072d200000| Complete 
| 199|0x000000072d300000, 0x000000072d400000, 0x000000072d400000|100%| E|CS|TAMS 0x000000072d300000, 0x000000072d300000| Complete 
| 200|0x000000072d400000, 0x000000072d500000, 0x000000072d500000|100%| E|CS|TAMS 0x000000072d400000, 0x000000072d400000| Complete 
| 201|0x000000072d500000, 0x000000072d600000, 0x000000072d600000|100%| E|CS|TAMS 0x000000072d500000, 0x000000072d500000| Complete 
| 202|0x000000072d600000, 0x000000072d700000, 0x000000072d700000|100%| E|CS|TAMS 0x000000072d600000, 0x000000072d600000| Complete 
| 203|0x000000072d700000, 0x000000072d800000, 0x000000072d800000|100%| E|CS|TAMS 0x000000072d700000, 0x000000072d700000| Complete 
| 204|0x000000072d800000, 0x000000072d900000, 0x000000072d900000|100%| E|CS|TAMS 0x000000072d800000, 0x000000072d800000| Complete 
| 205|0x000000072d900000, 0x000000072da00000, 0x000000072da00000|100%| E|CS|TAMS 0x000000072d900000, 0x000000072d900000| Complete 
| 206|0x000000072da00000, 0x000000072db00000, 0x000000072db00000|100%| E|CS|TAMS 0x000000072da00000, 0x000000072da00000| Complete 
| 207|0x000000072db00000, 0x000000072dc00000, 0x000000072dc00000|100%| E|CS|TAMS 0x000000072db00000, 0x000000072db00000| Complete 
| 208|0x000000072dc00000, 0x000000072dd00000, 0x000000072dd00000|100%| E|CS|TAMS 0x000000072dc00000, 0x000000072dc00000| Complete 
| 209|0x000000072dd00000, 0x000000072de00000, 0x000000072de00000|100%| E|CS|TAMS 0x000000072dd00000, 0x000000072dd00000| Complete 
| 210|0x000000072de00000, 0x000000072df00000, 0x000000072df00000|100%| E|CS|TAMS 0x000000072de00000, 0x000000072de00000| Complete 
| 211|0x000000072df00000, 0x000000072e000000, 0x000000072e000000|100%| E|CS|TAMS 0x000000072df00000, 0x000000072df00000| Complete 
| 212|0x000000072e000000, 0x000000072e100000, 0x000000072e100000|100%| E|CS|TAMS 0x000000072e000000, 0x000000072e000000| Complete 
| 213|0x000000072e100000, 0x000000072e200000, 0x000000072e200000|100%| E|CS|TAMS 0x000000072e100000, 0x000000072e100000| Complete 
| 214|0x000000072e200000, 0x000000072e300000, 0x000000072e300000|100%| E|CS|TAMS 0x000000072e200000, 0x000000072e200000| Complete 
| 215|0x000000072e300000, 0x000000072e400000, 0x000000072e400000|100%| E|CS|TAMS 0x000000072e300000, 0x000000072e300000| Complete 
| 216|0x000000072e400000, 0x000000072e500000, 0x000000072e500000|100%| E|CS|TAMS 0x000000072e400000, 0x000000072e400000| Complete 
| 217|0x000000072e500000, 0x000000072e600000, 0x000000072e600000|100%| E|CS|TAMS 0x000000072e500000, 0x000000072e500000| Complete 
| 218|0x000000072e600000, 0x000000072e700000, 0x000000072e700000|100%| E|CS|TAMS 0x000000072e600000, 0x000000072e600000| Complete 
| 219|0x000000072e700000, 0x000000072e800000, 0x000000072e800000|100%| E|CS|TAMS 0x000000072e700000, 0x000000072e700000| Complete 
| 220|0x000000072e800000, 0x000000072e900000, 0x000000072e900000|100%| E|CS|TAMS 0x000000072e800000, 0x000000072e800000| Complete 
| 221|0x000000072e900000, 0x000000072ea00000, 0x000000072ea00000|100%| E|CS|TAMS 0x000000072e900000, 0x000000072e900000| Complete 
| 222|0x000000072ea00000, 0x000000072eb00000, 0x000000072eb00000|100%| E|CS|TAMS 0x000000072ea00000, 0x000000072ea00000| Complete 
| 223|0x000000072eb00000, 0x000000072ec00000, 0x000000072ec00000|100%| E|CS|TAMS 0x000000072eb00000, 0x000000072eb00000| Complete 

Card table byte_map: [0x00000220226b0000,0x0000022022db0000] _byte_map_base: 0x000002201edaa000

Marking Bits (Prev, Next): (CMBitMap*) 0x00000220086b9920, (CMBitMap*) 0x00000220086b98e8
 Prev Bits: [0x0000022026c80000, 0x000002202a450000)
 Next Bits: [0x00000220234b0000, 0x0000022026c80000)

Polling page: 0x0000022008740000

Metaspace:

Usage:
  Non-class:     28.10 MB capacity,    27.68 MB ( 99%) used,   382.34 KB (  1%) free+waste,    40.81 KB ( <1%) overhead. 
      Class:      3.47 MB capacity,     3.31 MB ( 95%) used,   150.20 KB (  4%) free+waste,    16.25 KB ( <1%) overhead. 
       Both:     31.57 MB capacity,    30.99 MB ( 98%) used,   532.54 KB (  2%) free+waste,    57.06 KB ( <1%) overhead. 

Virtual space:
  Non-class space:       30.00 MB reserved,      28.17 MB ( 94%) committed 
      Class space:        1.00 GB reserved,       3.50 MB ( <1%) committed 
             Both:        1.03 GB reserved,      31.67 MB (  3%) committed 

Chunk freelists:
   Non-Class:  12.00 KB
       Class:  0 bytes
        Both:  12.00 KB

MaxMetaspaceSize: 17179869184.00 GB
CompressedClassSpaceSize: 1.00 GB

CodeHeap 'non-profiled nmethods': size=120000Kb used=2317Kb max_used=2317Kb free=117682Kb
 bounds [0x000002201a020000, 0x000002201a290000, 0x0000022021550000]
CodeHeap 'profiled nmethods': size=120000Kb used=9870Kb max_used=9870Kb free=110129Kb
 bounds [0x0000022012af0000, 0x00000220134a0000, 0x000002201a020000]
CodeHeap 'non-nmethods': size=5760Kb used=1168Kb max_used=1202Kb free=4591Kb
 bounds [0x0000022012550000, 0x00000220127c0000, 0x0000022012af0000]
 total_blobs=4900 nmethods=4400 adapters=410
 compilation: enabled
              stopped_count=0, restarted_count=0
 full_count=0

Compilation events (20 events):
Event: 6.017 Thread 0x000002202d87d800 nmethod 4390 0x000002201348dc10 code [0x000002201348ddc0, 0x000002201348df38]
Event: 6.017 Thread 0x000002202d87d800 4391       3       sun.invoke.util.Wrapper::stackSlots (9 bytes)
Event: 6.017 Thread 0x000002202d87d800 nmethod 4391 0x000002201348e010 code [0x000002201348e1c0, 0x000002201348e2b8]
Event: 6.017 Thread 0x000002202d87d800 4394       3       jdk.internal.org.objectweb.asm.Frame::type (416 bytes)
Event: 6.020 Thread 0x000002202d87d800 nmethod 4394 0x000002201348e390 code [0x000002201348e7a0, 0x0000022013490978]
Event: 6.020 Thread 0x000002202d87d800 4397       3       jdk.internal.org.objectweb.asm.ClassWriter::addType (39 bytes)
Event: 6.020 Thread 0x000002202d87d800 nmethod 4397 0x0000022013491510 code [0x00000220134916e0, 0x0000022013491908]
Event: 6.020 Thread 0x000002202d87d800 4398       3       java.lang.invoke.MethodHandleNatives::refKindHasReceiver (33 bytes)
Event: 6.020 Thread 0x000002202d87d800 nmethod 4398 0x0000022013491a10 code [0x0000022013491bc0, 0x0000022013491d18]
Event: 6.023 Thread 0x000002202d87d800 4399  s!   2       jdk.internal.loader.URLClassPath::getLoader (194 bytes)
Event: 6.024 Thread 0x000002202eb0b000 nmethod 4182 0x000002201a257a10 code [0x000002201a257ec0, 0x000002201a25d948]
Event: 6.024 Thread 0x000002202eb0b000 4324       4       org.apache.maven.model.ConfigurationContainer::setLocation (156 bytes)
Event: 6.025 Thread 0x000002202d87d800 nmethod 4399 0x0000022013491d90 code [0x0000022013492040, 0x0000022013492ea8]
Event: 6.056 Thread 0x000002202eb0b000 nmethod 4324 0x000002201a261310 code [0x000002201a261500, 0x000002201a262518]
Event: 6.056 Thread 0x000002202eb0b000 4346       4       java.lang.Boolean::valueOf (14 bytes)
Event: 6.056 Thread 0x000002202eb0b000 nmethod 4346 0x000002201a262a10 code [0x000002201a262ba0, 0x000002201a262bf8]
Event: 6.056 Thread 0x000002202eb0b000 4330       4       org.eclipse.sisu.wire.EntryListAdapter$ValueIterator::hasNext (10 bytes)
Event: 6.057 Thread 0x000002202eb0b000 nmethod 4330 0x000002201a262c90 code [0x000002201a262e40, 0x000002201a262f28]
Event: 6.057 Thread 0x000002202eb0b000 4335       4       java.util.regex.Pattern$Node::match (27 bytes)
Event: 6.059 Thread 0x000002202eb0b000 nmethod 4335 0x000002201a263090 code [0x000002201a263220, 0x000002201a2632d8]

GC Heap History (6 events):
Event: 0.719 GC heap before
{Heap before GC invocations=0 (full 0):
 garbage-first heap   total 229376K, used 23552K [0x0000000720c00000, 0x0000000800000000)
  region size 1024K, 24 young (24576K), 0 survivors (0K)
 Metaspace       used 12679K, capacity 12853K, committed 12928K, reserved 1060864K
  class space    used 1279K, capacity 1348K, committed 1408K, reserved 1048576K
}
Event: 0.723 GC heap after
{Heap after GC invocations=1 (full 0):
 garbage-first heap   total 229376K, used 3689K [0x0000000720c00000, 0x0000000800000000)
  region size 1024K, 3 young (3072K), 3 survivors (3072K)
 Metaspace       used 12679K, capacity 12853K, committed 12928K, reserved 1060864K
  class space    used 1279K, capacity 1348K, committed 1408K, reserved 1048576K
}
Event: 1.786 GC heap before
{Heap before GC invocations=1 (full 0):
 garbage-first heap   total 229376K, used 54889K [0x0000000720c00000, 0x0000000800000000)
  region size 1024K, 54 young (55296K), 3 survivors (3072K)
 Metaspace       used 20835K, capacity 21173K, committed 21296K, reserved 1069056K
  class space    used 2252K, capacity 2379K, committed 2432K, reserved 1048576K
}
Event: 1.795 GC heap after
{Heap after GC invocations=2 (full 0):
 garbage-first heap   total 229376K, used 6761K [0x0000000720c00000, 0x0000000800000000)
  region size 1024K, 6 young (6144K), 6 survivors (6144K)
 Metaspace       used 20835K, capacity 21173K, committed 21296K, reserved 1069056K
  class space    used 2252K, capacity 2379K, committed 2432K, reserved 1048576K
}
Event: 5.157 GC heap before
{Heap before GC invocations=3 (full 0):
 garbage-first heap   total 229376K, used 66153K [0x0000000720c00000, 0x0000000800000000)
  region size 1024K, 64 young (65536K), 6 survivors (6144K)
 Metaspace       used 29462K, capacity 29953K, committed 30256K, reserved 1077248K
  class space    used 3236K, capacity 3402K, committed 3456K, reserved 1048576K
}
Event: 5.167 GC heap after
{Heap after GC invocations=4 (full 0):
 garbage-first heap   total 229376K, used 11550K [0x0000000720c00000, 0x0000000800000000)
  region size 1024K, 8 young (8192K), 8 survivors (8192K)
 Metaspace       used 29462K, capacity 29953K, committed 30256K, reserved 1077248K
  class space    used 3236K, capacity 3402K, committed 3456K, reserved 1048576K
}

Deoptimization events (20 events):
Event: 5.809 Thread 0x000002200865f000 Uncommon trap: trap_request=0xffffffc6 fr.pc=0x000002201a1d709c relative=0x000000000000075c
Event: 5.809 Thread 0x000002200865f000 Uncommon trap: reason=bimorphic_or_optimized_type_check action=maybe_recompile pc=0x000002201a1d709c method=java.util.regex.Pattern$Start.match(Ljava/util/regex/Matcher;ILjava/lang/CharSequence;)Z @ 44 c2
Event: 5.809 Thread 0x000002200865f000 DEOPT PACKING pc=0x000002201a1d709c sp=0x0000008ee2efc6f0
Event: 5.809 Thread 0x000002200865f000 DEOPT UNPACKING pc=0x00000220125768af sp=0x0000008ee2efc640 mode 2
Event: 5.810 Thread 0x000002200865f000 Uncommon trap: trap_request=0xffffffc6 fr.pc=0x000002201a1d709c relative=0x000000000000075c
Event: 5.810 Thread 0x000002200865f000 Uncommon trap: reason=bimorphic_or_optimized_type_check action=maybe_recompile pc=0x000002201a1d709c method=java.util.regex.Pattern$Start.match(Ljava/util/regex/Matcher;ILjava/lang/CharSequence;)Z @ 44 c2
Event: 5.810 Thread 0x000002200865f000 DEOPT PACKING pc=0x000002201a1d709c sp=0x0000008ee2efc620
Event: 5.810 Thread 0x000002200865f000 DEOPT UNPACKING pc=0x00000220125768af sp=0x0000008ee2efc570 mode 2
Event: 5.878 Thread 0x000002200865f000 Uncommon trap: trap_request=0xffffff4d fr.pc=0x000002201a14cd7c relative=0x000000000000013c
Event: 5.878 Thread 0x000002200865f000 Uncommon trap: reason=unstable_if action=reinterpret pc=0x000002201a14cd7c method=java.util.concurrent.ConcurrentHashMap.addCount(JI)V @ 34 c2
Event: 5.878 Thread 0x000002200865f000 DEOPT PACKING pc=0x000002201a14cd7c sp=0x0000008ee2efc580
Event: 5.878 Thread 0x000002200865f000 DEOPT UNPACKING pc=0x00000220125768af sp=0x0000008ee2efc4c0 mode 2
Event: 5.879 Thread 0x000002202ebe4000 Uncommon trap: trap_request=0xffffff4d fr.pc=0x000002201a1568ec relative=0x0000000000000f2c
Event: 5.879 Thread 0x000002200865f000 Uncommon trap: trap_request=0xffffff4d fr.pc=0x000002201a1568ec relative=0x0000000000000f2c
Event: 5.879 Thread 0x000002202ebe4000 Uncommon trap: reason=unstable_if action=reinterpret pc=0x000002201a1568ec method=java.util.concurrent.ConcurrentHashMap.addCount(JI)V @ 7 c2
Event: 5.879 Thread 0x000002200865f000 Uncommon trap: reason=unstable_if action=reinterpret pc=0x000002201a1568ec method=java.util.concurrent.ConcurrentHashMap.addCount(JI)V @ 7 c2
Event: 5.879 Thread 0x000002202ebe4000 DEOPT PACKING pc=0x000002201a1568ec sp=0x0000008ee40fe2f0
Event: 5.879 Thread 0x000002200865f000 DEOPT PACKING pc=0x000002201a1568ec sp=0x0000008ee2efc6f0
Event: 5.879 Thread 0x000002202ebe4000 DEOPT UNPACKING pc=0x00000220125768af sp=0x0000008ee40fe1b0 mode 2
Event: 5.879 Thread 0x000002200865f000 DEOPT UNPACKING pc=0x00000220125768af sp=0x0000008ee2efc5b0 mode 2

Classes redefined (0 events):
No events

Internal exceptions (20 events):
Event: 0.266 Thread 0x000002200865f000 Exception <a 'java/lang/NullPointerException'{0x000000072e7a14d8}> (0x000000072e7a14d8) thrown at [./src/hotspot/share/interpreter/linkResolver.cpp, line 1358]
Event: 1.327 Thread 0x000002200865f000 Exception <a 'java/lang/NoClassDefFoundError'{0x000000072c6b34e8}: com/google/inject/servlet/ServletModuleTargetVisitor> (0x000000072c6b34e8) thrown at [./src/hotspot/share/classfile/systemDictionary.cpp, line 220]
Event: 1.327 Thread 0x000002200865f000 Exception <a 'java/lang/NoClassDefFoundError'{0x000000072c6b34e8}> (0x000000072c6b34e8) thrown at [./src/hotspot/share/prims/jvm.cpp, line 1310]
Event: 1.327 Thread 0x000002200865f000 Exception <a 'java/lang/NoClassDefFoundError'{0x000000072c6b6268}: javax/annotation/Priority> (0x000000072c6b6268) thrown at [./src/hotspot/share/classfile/systemDictionary.cpp, line 220]
Event: 1.386 Thread 0x000002200865f000 Exception <a 'java/lang/NoSuchMethodError'{0x000000072c5fe790}: 'java.lang.Object java.lang.invoke.DirectMethodHandle$Holder.invokeStaticInit(java.lang.Object, int, int, int, int)'> (0x000000072c5fe790) thrown at [./src/hotspot/share/interpreter/linkResolver.cpp, line 773]
Event: 1.814 Thread 0x000002200865f000 Exception <a 'sun/nio/fs/WindowsException'{0x000000072eb4ebd8}> (0x000000072eb4ebd8) thrown at [./src/hotspot/share/prims/jni.cpp, line 615]
Event: 1.822 Thread 0x000002200865f000 Implicit null exception at 0x000002201a10061c to 0x000002201a103348
Event: 1.824 Thread 0x000002200865f000 Exception <a 'java/lang/NoSuchMethodError'{0x000000072eb6dfc8}: 'int java.lang.invoke.DirectMethodHandle$Holder.invokeStaticInit(java.lang.Object, java.lang.Object, java.lang.Object, java.lang.Object)'> (0x000000072eb6dfc8) thrown at [./src/hotspot/share/interpreter/linkResolver.cpp, line 773]
Event: 1.825 Thread 0x000002200865f000 Exception <a 'java/lang/IncompatibleClassChangeError'{0x000000072eb77da0}: Found class java.lang.Object, but interface was expected> (0x000000072eb77da0) thrown at [./src/hotspot/share/interpreter/linkResolver.cpp, line 839]
Event: 1.825 Thread 0x000002200865f000 Exception <a 'java/lang/NoSuchMethodError'{0x000000072eb7b560}: 'void java.lang.invoke.DirectMethodHandle$Holder.invokeStaticInit(java.lang.Object, java.lang.Object)'> (0x000000072eb7b560) thrown at [./src/hotspot/share/interpreter/linkResolver.cpp, line 773]
Event: 1.826 Thread 0x000002200865f000 Exception <a 'java/lang/NoSuchMethodError'{0x000000072eb81960}: 'int java.lang.invoke.DirectMethodHandle$Holder.invokeStaticInit(java.lang.Object, java.lang.Object)'> (0x000000072eb81960) thrown at [./src/hotspot/share/interpreter/linkResolver.cpp, line 773]
Event: 2.056 Thread 0x000002200865f000 Exception <a 'java/lang/NoSuchMethodError'{0x000000072e37fcd8}: 'java.lang.Object java.lang.invoke.DirectMethodHandle$Holder.invokeStaticInit(java.lang.Object, java.lang.Object, int, int, int, int)'> (0x000000072e37fcd8) thrown at [./src/hotspot/share/interpreter/linkResolver.cpp, line 773]
Event: 2.173 Thread 0x000002200865f000 Implicit null exception at 0x000002201a1254f6 to 0x000002201a125898
Event: 4.674 Thread 0x000002200865f000 Implicit null exception at 0x000002201a08c2f5 to 0x000002201a08c4d8
Event: 5.990 Thread 0x000002200865f000 Exception <a 'java/lang/NoSuchMethodError'{0x000000072ac2c6c0}: 'java.lang.Object java.lang.invoke.DirectMethodHandle$Holder.invokeStatic(java.lang.Object, int, java.lang.Object)'> (0x000000072ac2c6c0) thrown at [./src/hotspot/share/interpreter/linkResolver.cpp, line 773]
Event: 6.010 Thread 0x000002200865f000 Exception <a 'java/lang/NoSuchMethodError'{0x000000072a30e5c0}: 'void java.lang.invoke.DirectMethodHandle$Holder.invokeStatic(java.lang.Object, long)'> (0x000000072a30e5c0) thrown at [./src/hotspot/share/interpreter/linkResolver.cpp, line 773]
Event: 6.011 Thread 0x000002200865f000 Exception <a 'java/lang/NoSuchMethodError'{0x000000072a313810}: 'java.lang.Object java.lang.invoke.DirectMethodHandle$Holder.invokeStatic(java.lang.Object, long)'> (0x000000072a313810) thrown at [./src/hotspot/share/interpreter/linkResolver.cpp, line 773]
Event: 6.015 Thread 0x000002200865f000 Exception <a 'java/lang/NoSuchMethodError'{0x000000072a321c70}: 'java.lang.Object java.lang.invoke.DirectMethodHandle$Holder.invokeStaticInit(java.lang.Object, java.lang.Object, long, java.lang.Object)'> (0x000000072a321c70) thrown at [./src/hotspot/share/interpreter/linkResolver.cpp, line 773]
Event: 6.016 Thread 0x000002200865f000 Exception <a 'java/lang/NoSuchMethodError'{0x000000072a327b60}: 'java.lang.Object java.lang.invoke.DirectMethodHandle$Holder.invokeStatic(java.lang.Object, java.lang.Object, long)'> (0x000000072a327b60) thrown at [./src/hotspot/share/interpreter/linkResolver.cpp, line 773]
Event: 6.018 Thread 0x000002200865f000 Exception <a 'java/lang/NoSuchMethodError'{0x000000072a32de30}: 'java.lang.Object java.lang.invoke.Invokers$Holder.linkToTargetMethod(java.lang.Object, long, java.lang.Object)'> (0x000000072a32de30) thrown at [./src/hotspot/share/interpreter/linkResolver.cpp, line 773]

Events (20 events):
Event: 6.020 loading class org/codehaus/plexus/util/cli/StreamPumper
Event: 6.020 loading class org/codehaus/plexus/util/cli/StreamPumper done
Event: 6.020 loading class org/codehaus/plexus/util/cli/AbstractStreamHandler
Event: 6.020 loading class org/codehaus/plexus/util/cli/AbstractStreamHandler done
Event: 6.020 loading class org/codehaus/plexus/util/cli/AbstractStreamHandler
Event: 6.020 loading class org/codehaus/plexus/util/cli/AbstractStreamHandler done
Event: 6.021 Thread 0x000002202e9d3000 Thread added: 0x000002202e9d3000
Event: 6.021 Thread 0x0000022030745800 Thread added: 0x0000022030745800
Event: 6.022 loading class org/codehaus/plexus/util/cli/ShutdownHookUtils
Event: 6.022 loading class org/codehaus/plexus/util/cli/ShutdownHookUtils done
Event: 6.022 loading class org/codehaus/plexus/util/cli/ShutdownHookUtils
Event: 6.022 loading class org/codehaus/plexus/util/cli/ShutdownHookUtils done
Event: 6.022 loading class java/security/AccessControlException
Event: 6.022 loading class java/security/AccessControlException done
Event: 6.022 Executing VM operation: Deoptimize
Event: 6.023 Executing VM operation: Deoptimize done
Event: 6.023 loading class org/codehaus/plexus/util/cli/CommandLineUtils$1
Event: 6.023 loading class org/codehaus/plexus/util/cli/CommandLineUtils$1 done
Event: 6.023 loading class org/codehaus/plexus/util/cli/CommandLineUtils$1
Event: 6.023 loading class org/codehaus/plexus/util/cli/CommandLineUtils$1 done


Dynamic libraries:
0x00007ff634e50000 - 0x00007ff634e5d000 	C:\Program Files\AdoptOpenJDK\jdk-11.0.11.9-hotspot\bin\java.exe
0x00007ffbee6f0000 - 0x00007ffbee8e5000 	C:\Windows\SYSTEM32\ntdll.dll
0x00007ffbee450000 - 0x00007ffbee50d000 	C:\Windows\System32\KERNEL32.DLL
0x00007ffbec220000 - 0x00007ffbec4e9000 	C:\Windows\System32\KERNELBASE.dll
0x00007ffbec4f0000 - 0x00007ffbec5f0000 	C:\Windows\System32\ucrtbase.dll
0x00007ffbd9460000 - 0x00007ffbd9477000 	C:\Program Files\AdoptOpenJDK\jdk-11.0.11.9-hotspot\bin\jli.dll
0x00007ffbd9440000 - 0x00007ffbd9455000 	C:\Program Files\AdoptOpenJDK\jdk-11.0.11.9-hotspot\bin\VCRUNTIME140.dll
0x00007ffbee510000 - 0x00007ffbee6b0000 	C:\Windows\System32\USER32.dll
0x00007ffbd79d0000 - 0x00007ffbd7c6a000 	C:\Windows\WinSxS\amd64_microsoft.windows.common-controls_6595b64144ccf1df_6.0.19041.1110_none_60b5254171f9507e\COMCTL32.dll
0x00007ffbec090000 - 0x00007ffbec0b2000 	C:\Windows\System32\win32u.dll
0x00007ffbedcf0000 - 0x00007ffbedd1a000 	C:\Windows\System32\GDI32.dll
0x00007ffbeca00000 - 0x00007ffbeca9e000 	C:\Windows\System32\msvcrt.dll
0x00007ffbebe20000 - 0x00007ffbebf2b000 	C:\Windows\System32\gdi32full.dll
0x00007ffbec620000 - 0x00007ffbec6bd000 	C:\Windows\System32\msvcp_win.dll
0x00007ffbecc40000 - 0x00007ffbecc70000 	C:\Windows\System32\IMM32.DLL
0x00007ffb7fe90000 - 0x00007ffb7ff2b000 	C:\Program Files\AdoptOpenJDK\jdk-11.0.11.9-hotspot\bin\msvcp140.dll
0x00007ffb46e70000 - 0x00007ffb479bb000 	C:\Program Files\AdoptOpenJDK\jdk-11.0.11.9-hotspot\bin\server\jvm.dll
0x00007ffbee3a0000 - 0x00007ffbee44c000 	C:\Windows\System32\ADVAPI32.dll
0x00007ffbec750000 - 0x00007ffbec7eb000 	C:\Windows\System32\sechost.dll
0x00007ffbecaa0000 - 0x00007ffbecbca000 	C:\Windows\System32\RPCRT4.dll
0x00007ffbedf60000 - 0x00007ffbedf68000 	C:\Windows\System32\PSAPI.DLL
0x00007ffbda2c0000 - 0x00007ffbda2c9000 	C:\Windows\SYSTEM32\WSOCK32.dll
0x00007ffbe2a50000 - 0x00007ffbe2a5a000 	C:\Windows\SYSTEM32\VERSION.dll
0x00007ffbe2a20000 - 0x00007ffbe2a47000 	C:\Windows\SYSTEM32\WINMM.dll
0x00007ffbecbd0000 - 0x00007ffbecc3b000 	C:\Windows\System32\WS2_32.dll
0x00007ffbe9d10000 - 0x00007ffbe9d22000 	C:\Windows\SYSTEM32\kernel.appcore.dll
0x00007ffbe5950000 - 0x00007ffbe5960000 	C:\Program Files\AdoptOpenJDK\jdk-11.0.11.9-hotspot\bin\verify.dll
0x00007ffbe3970000 - 0x00007ffbe3b54000 	C:\Windows\SYSTEM32\DBGHELP.DLL
0x00007ffbdaa60000 - 0x00007ffbdaa8c000 	C:\Windows\SYSTEM32\dbgcore.DLL
0x00007ffbec6c0000 - 0x00007ffbec743000 	C:\Windows\System32\bcryptPrimitives.dll
0x00007ffbd04d0000 - 0x00007ffbd04f8000 	C:\Program Files\AdoptOpenJDK\jdk-11.0.11.9-hotspot\bin\java.dll
0x00007ffbd9430000 - 0x00007ffbd943a000 	C:\Program Files\AdoptOpenJDK\jdk-11.0.11.9-hotspot\bin\jimage.dll
0x00007ffbd0260000 - 0x00007ffbd0277000 	C:\Program Files\AdoptOpenJDK\jdk-11.0.11.9-hotspot\bin\zip.dll
0x00007ffbecf20000 - 0x00007ffbed65f000 	C:\Windows\System32\SHELL32.dll
0x00007ffbe9f10000 - 0x00007ffbea6a0000 	C:\Windows\SYSTEM32\windows.storage.dll
0x00007ffbee040000 - 0x00007ffbee395000 	C:\Windows\System32\combase.dll
0x00007ffbeb6d0000 - 0x00007ffbeb6fc000 	C:\Windows\SYSTEM32\Wldp.dll
0x00007ffbecdc0000 - 0x00007ffbece6e000 	C:\Windows\System32\SHCORE.dll
0x00007ffbedbd0000 - 0x00007ffbedc25000 	C:\Windows\System32\shlwapi.dll
0x00007ffbebd60000 - 0x00007ffbebd7f000 	C:\Windows\SYSTEM32\profapi.dll
0x00007ffbc9230000 - 0x00007ffbc9249000 	C:\Program Files\AdoptOpenJDK\jdk-11.0.11.9-hotspot\bin\net.dll
0x00007ffbe0660000 - 0x00007ffbe0768000 	C:\Windows\SYSTEM32\WINHTTP.dll
0x00007ffbeb4b0000 - 0x00007ffbeb51a000 	C:\Windows\system32\mswsock.dll
0x00007ffbc9210000 - 0x00007ffbc9222000 	C:\Program Files\AdoptOpenJDK\jdk-11.0.11.9-hotspot\bin\nio.dll
0x0000000069ac0000 - 0x0000000069ae4000 	C:\Users\Bone\AppData\Local\Temp\jansi-2.3.4-84ffe868900124f5-jansi.dll
0x00007ffbd04c0000 - 0x00007ffbd04ce000 	C:\Program Files\AdoptOpenJDK\jdk-11.0.11.9-hotspot\bin\sunmscapi.dll
0x00007ffbebf30000 - 0x00007ffbec08f000 	C:\Windows\System32\CRYPT32.dll
0x00007ffbeb740000 - 0x00007ffbeb767000 	C:\Windows\SYSTEM32\ncrypt.dll
0x00007ffbeb700000 - 0x00007ffbeb73b000 	C:\Windows\SYSTEM32\NTASN1.dll
0x00007ffbc6e80000 - 0x00007ffbc6ea5000 	C:\Program Files\AdoptOpenJDK\jdk-11.0.11.9-hotspot\bin\sunec.dll
0x00007ffbeba00000 - 0x00007ffbeba18000 	C:\Windows\SYSTEM32\CRYPTSP.dll
0x00007ffbeae50000 - 0x00007ffbeae84000 	C:\Windows\system32\rsaenh.dll
0x00007ffbec5f0000 - 0x00007ffbec617000 	C:\Windows\System32\bcrypt.dll
0x00007ffbebd20000 - 0x00007ffbebd4e000 	C:\Windows\SYSTEM32\USERENV.dll
0x00007ffbeb640000 - 0x00007ffbeb64c000 	C:\Windows\SYSTEM32\CRYPTBASE.dll
0x00007ffbeb1c0000 - 0x00007ffbeb1fb000 	C:\Windows\SYSTEM32\IPHLPAPI.DLL
0x00007ffbec870000 - 0x00007ffbec878000 	C:\Windows\System32\NSI.dll
0x00007ffbe3550000 - 0x00007ffbe3567000 	C:\Windows\SYSTEM32\dhcpcsvc6.DLL
0x00007ffbe3530000 - 0x00007ffbe354d000 	C:\Windows\SYSTEM32\dhcpcsvc.DLL
0x00007ffbeb200000 - 0x00007ffbeb2cc000 	C:\Windows\SYSTEM32\DNSAPI.dll
0x000000006d300000 - 0x000000006d326000 	C:\Program Files\Bonjour\mdnsNSP.dll
0x00007ffbe05e0000 - 0x00007ffbe05ea000 	C:\Windows\System32\rasadhlp.dll
0x00007ffbe00d0000 - 0x00007ffbe014f000 	C:\Windows\System32\fwpuclnt.dll

dbghelp: loaded successfully - version: 4.0.5 - missing functions: none
symbol engine: initialized successfully - sym options: 0x614 - pdb path: .;C:\Program Files\AdoptOpenJDK\jdk-11.0.11.9-hotspot\bin;C:\Windows\SYSTEM32;C:\Windows\WinSxS\amd64_microsoft.windows.common-controls_6595b64144ccf1df_6.0.19041.1110_none_60b5254171f9507e;C:\Program Files\AdoptOpenJDK\jdk-11.0.11.9-hotspot\bin\server;C:\Users\Bone\AppData\Local\Temp;C:\Program Files\Bonjour

VM Arguments:
jvm_args: -Dclassworlds.conf=C:\Users\Bone\Downloads\apache-maven-3.8.2\bin\m2.conf -Dmaven.home=C:\Users\Bone\Downloads\apache-maven-3.8.2 -Dmaven.multiModuleProjectDirectory=C:\Users\Bone\PRB_DockerExample\PRB-APP 
java_command: org.codehaus.plexus.classworlds.launcher.Launcher install
java_class_path (initial): C:\Users\Bone\Downloads\apache-maven-3.8.2\boot\plexus-classworlds-2.6.0.jar
Launcher Type: SUN_STANDARD

[Global flags]
     intx CICompilerCount                          = 4                                         {product} {ergonomic}
     uint ConcGCThreads                            = 2                                         {product} {ergonomic}
     uint G1ConcRefinementThreads                  = 8                                         {product} {ergonomic}
   size_t G1HeapRegionSize                         = 1048576                                   {product} {ergonomic}
    uintx GCDrainStackTargetSize                   = 64                                        {product} {ergonomic}
   size_t InitialHeapSize                          = 234881024                                 {product} {ergonomic}
   size_t MarkStackSize                            = 4194304                                   {product} {ergonomic}
   size_t MaxHeapSize                              = 3745513472                                {product} {ergonomic}
   size_t MaxNewSize                               = 2247098368                                {product} {ergonomic}
   size_t MinHeapDeltaBytes                        = 1048576                                   {product} {ergonomic}
    uintx NonNMethodCodeHeapSize                   = 5836300                                {pd product} {ergonomic}
    uintx NonProfiledCodeHeapSize                  = 122910970                              {pd product} {ergonomic}
    uintx ProfiledCodeHeapSize                     = 122910970                              {pd product} {ergonomic}
    uintx ReservedCodeCacheSize                    = 251658240                              {pd product} {ergonomic}
     bool SegmentedCodeCache                       = true                                      {product} {ergonomic}
     bool UseCompressedClassPointers               = true                                 {lp64_product} {ergonomic}
     bool UseCompressedOops                        = true                                 {lp64_product} {ergonomic}
     bool UseG1GC                                  = true                                      {product} {ergonomic}
     bool UseLargePagesIndividualAllocation        = false                                  {pd product} {ergonomic}

Logging:
Log output configuration:
 #0: stdout all=warning uptime,level,tags
 #1: stderr all=off uptime,level,tags

Environment Variables:
JAVA_HOME=C:\Program Files\AdoptOpenJDK\jdk-11.0.11.9-hotspot\
PATH=C:\Program Files\AdoptOpenJDK\jdk-11.0.11.9-hotspot\bin;C:\Windows\system32;C:\Windows;C:\Windows\System32\Wbem;C:\Windows\System32\WindowsPowerShell\v1.0\;C:\Windows\System32\OpenSSH\;C:\Program Files\Microsoft SQL Server\130\Tools\Binn\;c:\users\bone\appdata\local\packages\pythonsoftwarefoundation.python.3.8_qbz5n2kfra8p0\localcache\local-packages\python38\site-packages\;C:\Program Files\nodejs\;C:\ProgramData\chocolatey\bin;C:\Program Files\dotnet\;C:\Program Files\Microsoft SQL Server\Client SDK\ODBC\170\Tools\Binn\;C:\Program Files\Git\cmd;C:\Program Files\Docker\Docker\resources\bin;C:\ProgramData\DockerDesktop\version-bin;C:\Users\Bone\Downloads\apache-maven-3.8.2\bin;C:\Program Files\MySQL\MySQL Shell 8.0\bin\;C:\Users\Bone\AppData\Local\Microsoft\WindowsApps;C:\Users\Bone\AppData\Local\GitHubDesktop\bin;C:\Users\Bone\AppData\Roaming\npm;C:\Users\Bone\.dotnet\tools;C:\Users\Bone\AppData\Local\Programs\Microsoft VS Code\bin
USERNAME=Bone
LANG=en_US.UTF-8
OS=Windows_NT
PROCESSOR_IDENTIFIER=AMD64 Family 23 Model 17 Stepping 0, AuthenticAMD



---------------  S Y S T E M  ---------------

OS: Windows 10 , 64 bit Build 19041 (10.0.19041.1151)
OS uptime: 0 days 2:29 hours
Hyper-V role detected

CPU:total 8 (initial active 8) (8 cores per cpu, 2 threads per core) family 23 model 17 stepping 0 microcode 0x0, cmov, cx8, fxsr, mmx, sse, sse2, sse3, ssse3, sse4.1, sse4.2, popcnt, avx, avx2, aes, clmul, mmxext, 3dnowpref, lzcnt, sse4a, ht, tsc, tscinvbit, tscinv, bmi1, bmi2, adx, s

Memory: 4k page, system-wide physical 14283M (1912M free)
TotalPageFile size 17465M (AvailPageFile size 1M)
current process WorkingSet (physical memory assigned to process): 189M, peak: 191M
current process commit charge ("private bytes"): 378M, peak: 380M

vm_info: OpenJDK 64-Bit Server VM (11.0.11+9) for windows-amd64 JRE (11.0.11+9), built on Apr 20 2021 21:22:09 by "" with MS VC++ 15.9 (VS2017)

END.
